<?xml version="1.0" encoding="UTF-8"?>
<!-- Generated by org.testng.reporters.JUnitReportReporter -->
<testsuite hostname="RATHU" failures="0" tests="3" name="TargetTests.MainHomePageTest" time="19.804" errors="0" timestamp="2020-12-02T14:44:11 IST" skipped="0">
  <testcase classname="TargetTests.MainHomePageTest" name="AnputFromSuggestion" time="6.810"/>
  <system-out/>
  <testcase classname="TargetTests.MainHomePageTest" name="TravelBlock" time="12.075"/>
  <system-out/>
  <testcase classname="TargetTests.MainHomePageTest" name="DatesSel" time="0.919"/>
  <system-out/>
</testsuite> <!-- TargetTests.MainHomePageTest -->
