<?xml version="1.0" encoding="UTF-8"?>
<!-- Generated by org.testng.reporters.JUnitReportReporter -->
<testsuite hostname="RATHU" failures="0" tests="3" name="TargetTests.BusPageTest" time="22.408" errors="0" timestamp="2020-12-14T11:57:25 IST" skipped="0">
  <testcase classname="TargetTests.BusPageTest" name="excelcheck" time="7.234"/>
  <system-out/>
  <testcase classname="TargetTests.BusPageTest" name="excelcheck" time="6.999"/>
  <system-out/>
  <testcase classname="TargetTests.BusPageTest" name="excelcheck" time="8.175"/>
  <system-out/>
</testsuite> <!-- TargetTests.BusPageTest -->
