<?xml version="1.0" encoding="UTF-8"?>
<!-- Generated by org.testng.reporters.JUnitReportReporter -->
<testsuite hostname="RATHU" failures="0" tests="3" name="TargetTests.MainHomePageTest" time="18.444" errors="0" timestamp="2020-12-17T11:39:19 IST" skipped="0">
  <testcase classname="TargetTests.MainHomePageTest" name="DatesSel" time="1.301"/>
  <system-out/>
  <testcase classname="TargetTests.MainHomePageTest" name="TravelBlock" time="10.255"/>
  <system-out/>
  <testcase classname="TargetTests.MainHomePageTest" name="AnputFromSuggestion" time="6.888"/>
  <system-out/>
</testsuite> <!-- TargetTests.MainHomePageTest -->
